WARNING: All log messages before absl::InitializeLog() is called are written to STDERR
I0000 00:00:1782275343.091230   64296 port.cc:153] oneDNN custom operations are on. You may see slightly different numerical results due to floating-point round-off errors from different computation orders. To turn them off, set the environment variable `TF_ENABLE_ONEDNN_OPTS=0`.
WARNING: All log messages before absl::InitializeLog() is called are written to STDERR
I0000 00:00:1782275347.719492   64296 port.cc:153] oneDNN custom operations are on. You may see slightly different numerical results due to floating-point round-off errors from different computation orders. To turn them off, set the environment variable `TF_ENABLE_ONEDNN_OPTS=0`.
2026/06/24 07:33:10 WARNING mlflow.models.model: `artifact_path` is deprecated. Please use `name` instead.
WARNING:tensorflow:From C:\Users\test\Desktop\eurusdprophet\.venv\Lib\site-packages\skops\io\_utils.py:25: The name tf.betainc is deprecated. Please use tf.math.betainc instead.

WARNING:tensorflow:From C:\Users\test\Desktop\eurusdprophet\.venv\Lib\site-packages\skops\io\_utils.py:25: The name tf.betainc is deprecated. Please use tf.math.betainc instead.

WARNING:tensorflow:From C:\Users\test\Desktop\eurusdprophet\.venv\Lib\site-packages\skops\io\_utils.py:25: The name tf.betainc is deprecated. Please use tf.math.betainc instead.

2026/06/24 07:33:51 WARNING mlflow.models.model: `artifact_path` is deprecated. Please use `name` instead.
WARNING:tensorflow:TensorFlow GPU support is not available on native Windows for TensorFlow >= 2.11. Even if CUDA/cuDNN are installed, GPU will not be used. Please use WSL2 or the TensorFlow-DirectML plugin.
=== 1. Loading historical OHLCV ===
Loaded 15,715 bars (1971-01-11 -> 2026-06-18)

=== 1B. Macro Feature Ingestion (FRED: US 10Y - DE 10Y Yield Differential) ===
Merged yield_differential via FRED_api: 14,656 macro observations (1971-01-11 -> 2026-06-22)

=== 2. Feature Engineering (Multi-Task targets, target_return in PERCENT) ===
Shape: (15515, 27)

=== 3. Unified Chronological Splits & PCA on Lag Features ===
n=15515  LSTM-train [0:10860]  LSTM-val [10860:12412]  TEST [12412:15515]   (GBM-train = [0:12412])
Lag columns in: 6  ->  PCA components out: 6
Cumulative variance explained: 1.0000
Model input columns (24): ['open', 'high', 'low', 'close', 'log_return', 'SMA_21', 'SMA_50', 'SMA_100', 'SMA_200', 'volatility_20', 'bar_dynamics', 'day_sin', 'day_cos', 'month_sin', 'month_cos', 'ATR_14', 'BB_width', 'yield_differential', 'lag_pca_1', 'lag_pca_2', 'lag_pca_3', 'lag_pca_4', 'lag_pca_5', 'lag_pca_6']
Global scaler fit on [0:12412] (80%); transformed full matrix (15515, 24).

=== 4. GBM Dual Pipeline: Chronological Split & Global Scaling ===
=== 5. GBM Hyperparameter Tuning ===
--- Classification head (target_direction) ---
Best params: {'learning_rate': 0.01, 'max_depth': 5, 'n_estimators': 200}  CV ROC-AUC: 0.5077
--- Regression head (target_return [percent], Huber loss) ---
Best params: {'learning_rate': 0.01, 'max_depth': 3, 'n_estimators': 100}  CV MAE: 0.468759 (percent)

=== 6. GBM Evaluation (held-out test) ===
[Direction] Accuracy=0.5011  ROC-AUC=0.5024
[Return]    MSE=0.171425  MAE=0.295923  (percent units)
MLflow run logged: run_id=a198bd0304af4b93a6e3ff397126fd98

=== 7. Persisting GBM + PCA + global scaler artifacts ===
Saved: lag_scaler.pkl, lag_pca.pkl, global_scaler.pkl, best_gbm_eurusd.pkl, best_gbm_regressor_eurusd.pkl

=== 8. Multi-Task LSTM: Sliding-Window Data Preparation ===
Train seq: (10840, 20, 24)  Val seq: (1532, 20, 24)  Test seq: (3083, 20, 24)

=== 9. Multi-Task LSTM Model Construction (Functional API) ===
Model: "multitask_lstm_eurusd"
┌─────────────────────┬───────────────────┬────────────┬───────────────────┐
│ Layer (type)        │ Output Shape      │    Param # │ Connected to      │
├─────────────────────┼───────────────────┼────────────┼───────────────────┤
│ ohlcv_window        │ (None, 20, 24)    │          0 │ -                 │
│ (InputLayer)        │                   │            │                   │
├─────────────────────┼───────────────────┼────────────┼───────────────────┤
│ shared_lstm_trunk   │ (None, 64)        │     22,784 │ ohlcv_window[0][… │
│ (LSTM)              │                   │            │                   │
├─────────────────────┼───────────────────┼────────────┼───────────────────┤
│ shared_dropout      │ (None, 64)        │          0 │ shared_lstm_trun… │
│ (Dropout)           │                   │            │                   │
├─────────────────────┼───────────────────┼────────────┼───────────────────┤
│ return_output       │ (None, 1)         │         65 │ shared_dropout[0… │
│ (Dense)             │                   │            │                   │
├─────────────────────┼───────────────────┼────────────┼───────────────────┤
│ direction_output    │ (None, 1)         │         65 │ shared_dropout[0… │
│ (Dense)             │                   │            │                   │
└─────────────────────┴───────────────────┴────────────┴───────────────────┘
 Total params: 22,914 (89.51 KB)
 Trainable params: 22,914 (89.51 KB)
 Non-trainable params: 0 (0.00 B)

=== 10. Training (early-stopping on the 70-80% validation block) ===
Epoch 1/100
170/170 - 7s - 40ms/step - direction_output_accuracy: 0.5001 - direction_output_loss: 0.6984 - loss: 1.1290 - return_output_loss: 0.4301 - return_output_mae: 0.4761 - val_direction_output_accuracy: 0.4909 - val_direction_output_loss: 0.6935 - val_loss: 0.9817 - val_return_output_loss: 0.2885 - val_return_output_mae: 0.3812
Epoch 2/100
170/170 - 4s - 25ms/step - direction_output_accuracy: 0.5208 - direction_output_loss: 0.6921 - loss: 1.1042 - return_output_loss: 0.4114 - return_output_mae: 0.4612 - val_direction_output_accuracy: 0.4935 - val_direction_output_loss: 0.6941 - val_loss: 0.9821 - val_return_output_loss: 0.2882 - val_return_output_mae: 0.3797
Epoch 3/100
170/170 - 5s - 31ms/step - direction_output_accuracy: 0.5253 - direction_output_loss: 0.6905 - loss: 1.0932 - return_output_loss: 0.4021 - return_output_mae: 0.4541 - val_direction_output_accuracy: 0.4954 - val_direction_output_loss: 0.6933 - val_loss: 0.9814 - val_return_output_loss: 0.2882 - val_return_output_mae: 0.3796
Epoch 4/100
170/170 - 5s - 30ms/step - direction_output_accuracy: 0.5364 - direction_output_loss: 0.6889 - loss: 1.0880 - return_output_loss: 0.3987 - return_output_mae: 0.4526 - val_direction_output_accuracy: 0.5189 - val_direction_output_loss: 0.6934 - val_loss: 0.9811 - val_return_output_loss: 0.2879 - val_return_output_mae: 0.3787
Epoch 5/100
170/170 - 3s - 17ms/step - direction_output_accuracy: 0.5305 - direction_output_loss: 0.6888 - loss: 1.0857 - return_output_loss: 0.3964 - return_output_mae: 0.4508 - val_direction_output_accuracy: 0.5255 - val_direction_output_loss: 0.6927 - val_loss: 0.9792 - val_return_output_loss: 0.2868 - val_return_output_mae: 0.3774
Epoch 6/100
170/170 - 3s - 16ms/step - direction_output_accuracy: 0.5465 - direction_output_loss: 0.6872 - loss: 1.0827 - return_output_loss: 0.3950 - return_output_mae: 0.4493 - val_direction_output_accuracy: 0.5268 - val_direction_output_loss: 0.6929 - val_loss: 0.9809 - val_return_output_loss: 0.2882 - val_return_output_mae: 0.3788
Epoch 7/100
170/170 - 5s - 30ms/step - direction_output_accuracy: 0.5363 - direction_output_loss: 0.6863 - loss: 1.0803 - return_output_loss: 0.3934 - return_output_mae: 0.4478 - val_direction_output_accuracy: 0.5274 - val_direction_output_loss: 0.6933 - val_loss: 0.9809 - val_return_output_loss: 0.2878 - val_return_output_mae: 0.3788
Epoch 8/100
170/170 - 5s - 29ms/step - direction_output_accuracy: 0.5455 - direction_output_loss: 0.6854 - loss: 1.0774 - return_output_loss: 0.3915 - return_output_mae: 0.4477 - val_direction_output_accuracy: 0.5326 - val_direction_output_loss: 0.6925 - val_loss: 0.9804 - val_return_output_loss: 0.2881 - val_return_output_mae: 0.3786
Epoch 9/100
170/170 - 3s - 17ms/step - direction_output_accuracy: 0.5483 - direction_output_loss: 0.6839 - loss: 1.0745 - return_output_loss: 0.3898 - return_output_mae: 0.4461 - val_direction_output_accuracy: 0.5339 - val_direction_output_loss: 0.6933 - val_loss: 0.9801 - val_return_output_loss: 0.2871 - val_return_output_mae: 0.3775
Epoch 10/100
170/170 - 5s - 30ms/step - direction_output_accuracy: 0.5620 - direction_output_loss: 0.6811 - loss: 1.0707 - return_output_loss: 0.3889 - return_output_mae: 0.4454 - val_direction_output_accuracy: 0.5261 - val_direction_output_loss: 0.6933 - val_loss: 0.9812 - val_return_output_loss: 0.2881 - val_return_output_mae: 0.3779
Epoch 11/100
170/170 - 3s - 16ms/step - direction_output_accuracy: 0.5636 - direction_output_loss: 0.6804 - loss: 1.0667 - return_output_loss: 0.3854 - return_output_mae: 0.4438 - val_direction_output_accuracy: 0.5294 - val_direction_output_loss: 0.6935 - val_loss: 0.9812 - val_return_output_loss: 0.2879 - val_return_output_mae: 0.3779
Epoch 12/100
170/170 - 3s - 18ms/step - direction_output_accuracy: 0.5637 - direction_output_loss: 0.6798 - loss: 1.0669 - return_output_loss: 0.3863 - return_output_mae: 0.4440 - val_direction_output_accuracy: 0.5242 - val_direction_output_loss: 0.6933 - val_loss: 0.9803 - val_return_output_loss: 0.2873 - val_return_output_mae: 0.3780
Epoch 13/100
170/170 - 5s - 30ms/step - direction_output_accuracy: 0.5707 - direction_output_loss: 0.6782 - loss: 1.0632 - return_output_loss: 0.3842 - return_output_mae: 0.4433 - val_direction_output_accuracy: 0.5339 - val_direction_output_loss: 0.6938 - val_loss: 0.9824 - val_return_output_loss: 0.2888 - val_return_output_mae: 0.3787
Epoch 14/100
170/170 - 5s - 30ms/step - direction_output_accuracy: 0.5753 - direction_output_loss: 0.6760 - loss: 1.0595 - return_output_loss: 0.3827 - return_output_mae: 0.4417 - val_direction_output_accuracy: 0.5222 - val_direction_output_loss: 0.6944 - val_loss: 0.9834 - val_return_output_loss: 0.2892 - val_return_output_mae: 0.3784
Epoch 15/100
170/170 - 3s - 16ms/step - direction_output_accuracy: 0.5678 - direction_output_loss: 0.6771 - loss: 1.0595 - return_output_loss: 0.3817 - return_output_mae: 0.4418 - val_direction_output_accuracy: 0.5346 - val_direction_output_loss: 0.6941 - val_loss: 0.9837 - val_return_output_loss: 0.2898 - val_return_output_mae: 0.3794
Epoch 15: early stopping
Restoring model weights from the end of the best epoch: 5.
2026/06/24 07:35:08 WARNING mlflow.models.model: `artifact_path` is deprecated. Please use `name` instead.
2026/06/24 07:35:08 WARNING mlflow.keras.save: You are saving a Keras model without specifying model signature.
Stopped after 15 epochs.

=== 11. Evaluation (held-out test) ===
[Return]    MSE=0.175107  MAE=0.301258  (percent units, comparable to GBM)
[Direction] Accuracy=0.5008  ROC-AUC=0.5002
MLflow run logged: run_id=3203e5fe3a2b4ff5a6c9ffce331e3ae9

=== 12. Persisting LSTM artifacts ===
Saved: lstm_multitask_eurusd.keras, lstm_time_steps.pkl

=== DONE ===
